Running: fuse.exe -relaunch -intstyle "ise" -incremental -o "C:/Users/igord/Desktop/SIStemas dig/calculadora/calculadora_tb/calculadora_tb_isim_beh.exe" -prj "C:/Users/igord/Desktop/SIStemas dig/calculadora/calculadora_tb/calculadora_tb_beh.prj" "work.calculadora_tb" 
ISim P.20131013 (signature 0x7708f090)
Number of CPUs detected in this system: 4
Turning on mult-threading, number of parallel sub-compilation jobs: 8 
Determining compilation order of HDL files
Parsing VHDL file "C:/Users/igord/Desktop/SIStemas dig/calculadora/calculadora_tb/../../calculadora.vhd" into library work
Parsing VHDL file "C:/Users/igord/Desktop/SIStemas dig/calculadora/calculadora_tb/../../calculadora_tb.vhd" into library work
Starting static elaboration
Completed static elaboration
Compiling package standard
Compiling package std_logic_1164
Compiling package std_logic_arith
Compiling package std_logic_unsigned
Compiling architecture igor_dourado of entity calculadora [calculadora_default]
Compiling architecture calculadora_arch_tb of entity calculadora_tb
Time Resolution for simulation is 1ps.
Compiled 7 VHDL Units
Built simulation executable C:/Users/igord/Desktop/SIStemas dig/calculadora/calculadora_tb/calculadora_tb_isim_beh.exe
Fuse Memory Usage: 33488 KB
Fuse CPU Usage: 562 ms
